#
# An unexpected error has been detected by Java Runtime Environment:
#
#  EXCEPTION_ACCESS_VIOLATION (0xc0000005) at pc=0x00000000797329f0, pid=3076, tid=5528
#
# Java VM: Java HotSpot(TM) 64-Bit Server VM (11.2-b01 mixed mode windows-amd64)
# Problematic frame:
# C  [hg.dll+0x4129f0]
#
# If you would like to submit a bug report, please visit:
#   http://java.sun.com/webapps/bugreport/crash.jsp
# The crash happened outside the Java Virtual Machine in native code.
# See problematic frame for where to report the bug.
#

---------------  T H R E A D  ---------------

Current thread (0x000000000459c400):  JavaThread "main" [_thread_in_native, id=5528, stack(0x0000000000040000,0x0000000001040000)]

siginfo: ExceptionCode=0xc0000005, reading address 0x0000000000000168

Registers:
EAX=0x0000000000000010, EBX=0x0000000000000000, ECX=0x0000000000000000, EDX=0x000000002e6ad300
ESP=0x00000000010355a8, EBP=0x0000000000000000, ESI=0x00000000797e44f0, EDI=0x00000000797e44f0
EIP=0x00000000797329f0, EFLAGS=0x0000000000010202

Top of Stack: (sp=0x00000000010355a8)
0x00000000010355a8:   000000007974af46 0000000000000000
0x00000000010355b8:   0000000000000000 00000000797e44f0
0x00000000010355c8:   0000000000000000 0000000000000000
0x00000000010355d8:   0000000000000000 0000000036ddb610
0x00000000010355e8:   00000000796d0610 000000002ea264e0
0x00000000010355f8:   0000000000000000 0000000001035700
0x0000000001035608:   0000000000000000 0000000036ddb618
0x0000000001035618:   000000007a92c863 0000000036ddb610
0x0000000001035628:   0000000036ddb878 0000000003c6b0b0
0x0000000001035638:   0000000036d04400 fffffffffffffffe
0x0000000001035648:   00007ff9d44a1118 0000000036ddb610
0x0000000001035658:   0000000036ddb618 0000000036ddb618
0x0000000001035668:   000000002ea5a7a0 0000000000000000
0x0000000001035678:   0000000036d04410 0000000036d04400
0x0000000001035688:   000000007c628977 000000000000000a
0x0000000001035698:   0000000036d04400 0000000001035760 

Instructions: (pc=0x00000000797329f0)
0x00000000797329e0:   48 8b 81 f0 01 00 00 c3 cc cc cc cc cc cc cc cc
0x00000000797329f0:   48 8b 81 68 01 00 00 c3 cc cc cc cc cc cc cc cc 


Stack: [0x0000000000040000,0x0000000001040000],  sp=0x00000000010355a8,  free space=16341k
Native frames: (J=compiled Java code, j=interpreted, Vv=VM code, C=native code)
C  [hg.dll+0x4129f0]

[error occurred during error reporting (printing native stack), id 0xc0000005]

Java frames: (J=compiled Java code, j=interpreted, Vv=VM code)
j  com.mathworks.jmi.NativeMatlab.SendMatlabMessage(Ljava/lang/Object;)Ljava/lang/Object;+0
j  com.mathworks.jmi.NativeMatlab.sendMatlabMessage(Ljava/lang/Object;)Ljava/lang/Object;+22
j  com.mathworks.jmi.MatlabLooper.sendMatlabMessage(Lcom/mathworks/services/message/MWMessage;)Ljava/lang/Object;+20
j  com.mathworks.jmi.Matlab.mtFevalConsoleOutput(Ljava/lang/String;[Ljava/lang/Object;I)Ljava/lang/Object;+58
j  com.mathworks.mde.desk.MLDesktop$9.run()V+14
j  com.mathworks.jmi.NativeMatlab.dispatchMTRequests(Z)V+50
v  ~StubRoutines::call_stub

---------------  P R O C E S S  ---------------

Java Threads: ( => current thread )
  0x000000002b45f000 JavaThread "pool-2-thread-1" [_thread_blocked, id=1444, stack(0x0000000006f40000,0x0000000006fc0000)]
  0x000000002b45a800 JavaThread "AWT-EventQueue-0" [_thread_blocked, id=7072, stack(0x0000000006be0000,0x0000000006c60000)]
  0x000000002b45bc00 JavaThread "Thread-163" [_thread_blocked, id=6040, stack(0x0000000006b40000,0x0000000006bc0000)]
  0x000000002b45d400 JavaThread "Thread-21" [_thread_blocked, id=7004, stack(0x00000000307b0000,0x0000000030830000)]
  0x000000002b45cc00 JavaThread "Thread-20" [_thread_blocked, id=5756, stack(0x0000000030730000,0x00000000307b0000)]
  0x000000002b45b800 JavaThread "Thread-19" [_thread_blocked, id=6308, stack(0x00000000306a0000,0x0000000030720000)]
  0x000000002b45a000 JavaThread "Thread-17" [_thread_blocked, id=6692, stack(0x000000002e610000,0x000000002e690000)]
  0x000000002b45b000 JavaThread "Active Reference Queue Daemon" daemon [_thread_blocked, id=6088, stack(0x000000002e570000,0x000000002e5f0000)]
  0x000000002b6b8800 JavaThread "Timer-10" daemon [_thread_blocked, id=7204, stack(0x000000002e370000,0x000000002e3f0000)]
  0x000000002b6b5400 JavaThread "FelixPackageAdmin" daemon [_thread_blocked, id=7276, stack(0x000000002e4f0000,0x000000002e570000)]
  0x000000002b6b8c00 JavaThread "FelixStartLevel" daemon [_thread_blocked, id=6860, stack(0x000000002e470000,0x000000002e4f0000)]
  0x000000002b6b6c00 JavaThread "FelixDispatchQueue" daemon [_thread_blocked, id=4280, stack(0x000000002e3f0000,0x000000002e470000)]
  0x000000002b6b5c00 JavaThread "Timer-9" daemon [_thread_blocked, id=6248, stack(0x000000002e2f0000,0x000000002e370000)]
  0x000000002b6b7800 JavaThread "Prefs Updater" daemon [_thread_blocked, id=5052, stack(0x000000002e160000,0x000000002e1e0000)]
  0x000000002cf0b000 JavaThread "Timer-1" [_thread_blocked, id=7856, stack(0x000000002de90000,0x000000002df10000)]
  0x000000002ce38400 JavaThread "TimerQueue" daemon [_thread_blocked, id=4308, stack(0x000000002de00000,0x000000002de80000)]
  0x000000002bf8ac00 JavaThread "AWT-Shutdown" [_thread_blocked, id=7344, stack(0x000000002c530000,0x000000002c5b0000)]
  0x000000002be0e800 JavaThread "AWT-Windows" daemon [_thread_in_native, id=416, stack(0x000000002c5b0000,0x000000002c630000)]
  0x000000002be14c00 JavaThread "Java2D Disposer" daemon [_thread_blocked, id=7652, stack(0x000000002c4b0000,0x000000002c530000)]
  0x000000002b50b000 JavaThread "Timer-0" [_thread_blocked, id=972, stack(0x000000002b840000,0x000000002b8c0000)]
  0x000000002b453000 JavaThread "JMI Unnamed Thread" [_thread_in_native, id=7936, stack(0x0000000005b40000,0x0000000006b40000)]
  0x000000002722ac00 JavaThread "Low Memory Detector" daemon [_thread_blocked, id=6392, stack(0x000000002a3c0000,0x000000002a440000)]
  0x0000000027226800 JavaThread "CompilerThread1" daemon [_thread_blocked, id=6792, stack(0x00000000293c0000,0x000000002a3c0000)]
  0x0000000027219400 JavaThread "CompilerThread0" daemon [_thread_blocked, id=6980, stack(0x00000000283c0000,0x00000000293c0000)]
  0x0000000027213000 JavaThread "Attach Listener" daemon [_thread_blocked, id=7424, stack(0x0000000004890000,0x0000000004910000)]
  0x0000000004681400 JavaThread "Finalizer" daemon [_thread_blocked, id=7640, stack(0x0000000004810000,0x0000000004890000)]
  0x000000000467a000 JavaThread "Reference Handler" daemon [_thread_blocked, id=8188, stack(0x0000000004790000,0x0000000004810000)]
=>0x000000000459c400 JavaThread "main" [_thread_in_native, id=5528, stack(0x0000000000040000,0x0000000001040000)]

Other Threads:
  0x0000000027200400 VMThread [stack: 0x00000000273c0000,0x00000000283c0000] [id=4024]
  0x00000000045a5000 WatcherThread [stack: 0x000000002a440000,0x000000002b440000] [id=5352]

VM state:not at safepoint (normal execution)

VM Mutex/Monitor currently owned by a thread: None

Heap
 PSYoungGen      total 17856K, used 13047K [0x00000000220c0000, 0x0000000023870000, 0x00000000251c0000)
  eden space 12800K, 73% used [0x00000000220c0000,0x00000000229efb90,0x0000000022d40000)
  from space 5056K, 71% used [0x0000000022d40000,0x00000000230ce110,0x0000000023230000)
  to   space 5056K, 0% used [0x0000000023380000,0x0000000023380000,0x0000000023870000)
 PSOldGen        total 123072K, used 104309K [0x0000000018dc0000, 0x00000000205f0000, 0x00000000220c0000)
  object space 123072K, 84% used [0x0000000018dc0000,0x000000001f39d730,0x00000000205f0000)
 PSPermGen       total 111872K, used 63234K [0x0000000010dc0000, 0x0000000017b00000, 0x0000000018dc0000)
  object space 111872K, 56% used [0x0000000010dc0000,0x0000000014b80a10,0x0000000017b00000)

Dynamic libraries:
0x0000000140000000 - 0x000000014002a000 	C:\Program Files\MATLAB\R2010a\bin\win64\MATLAB.exe
0x00007ff9d6f40000 - 0x00007ff9d70ed000 	C:\Windows\SYSTEM32\ntdll.dll
0x00007ff9d46f0000 - 0x00007ff9d482e000 	C:\Windows\system32\KERNEL32.DLL
0x00007ff9b3aa0000 - 0x00007ff9b3ad3000 	C:\Program Files\AVAST Software\Avast\x64\aswhooka.dll
0x00007ff9d44a0000 - 0x00007ff9d45b5000 	C:\Windows\system32\KERNELBASE.dll
0x000000007ce80000 - 0x000000007cf96000 	C:\Program Files\MATLAB\R2010a\bin\win64\libut.dll
0x0000000078930000 - 0x0000000078a4e000 	C:\Program Files\MATLAB\R2010a\bin\win64\libmwfl.dll
0x000000007d010000 - 0x000000007d298000 	C:\Program Files\MATLAB\R2010a\bin\win64\libmwservices.dll
0x000000007ad90000 - 0x000000007ae2e000 	C:\Program Files\MATLAB\R2010a\bin\win64\mcr.dll
0x0000000059d40000 - 0x0000000059e49000 	C:\Windows\WinSxS\amd64_microsoft.vc80.crt_1fc8b3b9a1e18e3b_8.0.50727.8428_none_88dcdb0b2fb19957\MSVCP80.dll
0x000000005a410000 - 0x000000005a4d9000 	C:\Windows\WinSxS\amd64_microsoft.vc80.crt_1fc8b3b9a1e18e3b_8.0.50727.8428_none_88dcdb0b2fb19957\MSVCR80.dll
0x00007ff9d6a70000 - 0x00007ff9d6a86000 	C:\Windows\system32\imagehlp.dll
0x00007ff9d5230000 - 0x00007ff9d5237000 	C:\Windows\system32\PSAPI.DLL
0x000000007d660000 - 0x000000007d688000 	C:\Program Files\MATLAB\R2010a\bin\win64\LIBEXPAT.dll
0x000000007d380000 - 0x000000007d4ac000 	C:\Program Files\MATLAB\R2010a\bin\win64\icuuc40.dll
0x000000007c8c0000 - 0x000000007c8d0000 	C:\Program Files\MATLAB\R2010a\bin\win64\icuio40.dll
0x00007ff9d4ac0000 - 0x00007ff9d4c37000 	C:\Windows\system32\USER32.dll
0x00007ff9d4df0000 - 0x00007ff9d4e9a000 	C:\Windows\system32\ADVAPI32.dll
0x00000000788c0000 - 0x00000000788fe000 	C:\Program Files\MATLAB\R2010a\bin\win64\tbb.dll
0x000000007e960000 - 0x000000007e96f000 	C:\Program Files\MATLAB\R2010a\bin\win64\boost_date_time-vc80-mt-1_36.dll
0x000000007ebf0000 - 0x000000007ec0d000 	C:\Program Files\MATLAB\R2010a\bin\win64\boost_filesystem-vc80-mt-1_36.dll
0x000000007e940000 - 0x000000007e956000 	C:\Program Files\MATLAB\R2010a\bin\win64\boost_signals-vc80-mt-1_36.dll
0x000000007dbd0000 - 0x000000007dbd9000 	C:\Program Files\MATLAB\R2010a\bin\win64\boost_system-vc80-mt-1_36.dll
0x000000007c890000 - 0x000000007c8a1000 	C:\Program Files\MATLAB\R2010a\bin\win64\boost_thread-vc80-mt-1_36.dll
0x000000007cfa0000 - 0x000000007d00d000 	C:\Program Files\MATLAB\R2010a\bin\win64\libmx.dll
0x000000007d2a0000 - 0x000000007d37c000 	C:\Program Files\MATLAB\R2010a\bin\win64\libmwmathutil.dll
0x000000007a9b0000 - 0x000000007aa0e000 	C:\Program Files\MATLAB\R2010a\bin\win64\mpath.dll
0x000000007d690000 - 0x000000007d812000 	C:\Program Files\MATLAB\R2010a\bin\win64\mlutil.dll
0x00007ff9bb3f0000 - 0x00007ff9bb494000 	C:\Windows\WinSxS\amd64_microsoft.windows.common-controls_6595b64144ccf1df_5.82.9600.17810_none_34ae2abd958aedeb\COMCTL32.dll
0x00007ff9d45c0000 - 0x00007ff9d4676000 	C:\Windows\system32\comdlg32.dll
0x00007ff9cf620000 - 0x00007ff9cf636000 	C:\Windows\SYSTEM32\NETAPI32.dll
0x00007ff9d4680000 - 0x00007ff9d46da000 	C:\Windows\system32\WS2_32.dll
0x00007ff9d5540000 - 0x00007ff9d6a68000 	C:\Windows\system32\SHELL32.dll
0x000000007f7c0000 - 0x000000007f7e5000 	C:\Program Files\MATLAB\R2010a\bin\win64\libmwi18n.dll
0x000000007c8d0000 - 0x000000007c983000 	C:\Program Files\MATLAB\R2010a\bin\win64\iqm.dll
0x000000007f780000 - 0x000000007f7ac000 	C:\Program Files\MATLAB\R2010a\bin\win64\libmwbridge.dll
0x000000007c9b0000 - 0x000000007c9c6000 	C:\Program Files\MATLAB\R2010a\bin\win64\libmex.dll
0x000000007abf0000 - 0x000000007aca4000 	C:\Program Files\MATLAB\R2010a\bin\win64\m_dispatcher.dll
0x0000000078a50000 - 0x0000000078d2f000 	C:\Program Files\MATLAB\R2010a\bin\win64\mcos.dll
0x000000007d4b0000 - 0x000000007d604000 	C:\Program Files\MATLAB\R2010a\bin\win64\libmwgui.dll
0x0000000079320000 - 0x0000000079acf000 	C:\Program Files\MATLAB\R2010a\bin\win64\hg.dll
0x0000000078670000 - 0x0000000078721000 	C:\Program Files\MATLAB\R2010a\bin\win64\hgutils.dll
0x000000007b500000 - 0x000000007bdb0000 	C:\Program Files\MATLAB\R2010a\bin\win64\m_interpreter.dll
0x000000007a860000 - 0x000000007a8e3000 	C:\Program Files\MATLAB\R2010a\bin\win64\jmi.dll
0x000000007ae30000 - 0x000000007aee6000 	C:\Program Files\MATLAB\R2010a\bin\win64\udd_mi.dll
0x000000007c5c0000 - 0x000000007c881000 	C:\Program Files\MATLAB\R2010a\bin\win64\uiw.dll
0x0000000079220000 - 0x000000007923f000 	C:\Program Files\MATLAB\R2010a\bin\win64\mwoles05.DLL
0x000000007aa10000 - 0x000000007aa82000 	C:\Program Files\MATLAB\R2010a\bin\win64\comcli.dll
0x000000007ca80000 - 0x000000007ca8e000 	C:\Program Files\MATLAB\R2010a\bin\win64\mlautoregister.dll
0x00007ff9d4ea0000 - 0x00007ff9d4fef000 	C:\Windows\system32\GDI32.dll
0x00007ff9d5240000 - 0x00007ff9d53d4000 	C:\Windows\system32\ole32.dll
0x00007ff9d53e0000 - 0x00007ff9d548a000 	C:\Windows\system32\msvcrt.dll
0x000000007c8b0000 - 0x000000007c8b3000 	C:\Program Files\MATLAB\R2010a\bin\win64\icudt40.dll
0x000000007cb00000 - 0x000000007cc53000 	C:\Program Files\MATLAB\R2010a\bin\win64\icuin40.dll
0x00007ff9d5490000 - 0x00007ff9d54e9000 	C:\Windows\SYSTEM32\sechost.dll
0x00007ff9d4cb0000 - 0x00007ff9d4df0000 	C:\Windows\system32\RPCRT4.dll
0x00000000792b0000 - 0x00000000792c7000 	C:\Program Files\MATLAB\R2010a\bin\win64\zlib1.dll
0x000000007e860000 - 0x000000007e8ec000 	C:\Program Files\MATLAB\R2010a\bin\win64\xmlcore.dll
0x00007ff9d6d80000 - 0x00007ff9d6dd4000 	C:\Windows\system32\SHLWAPI.dll
0x00007ff9d32d0000 - 0x00007ff9d32dc000 	C:\Windows\SYSTEM32\netutils.dll
0x00007ff9d3de0000 - 0x00007ff9d3e06000 	C:\Windows\SYSTEM32\srvcli.dll
0x00007ff9cf5e0000 - 0x00007ff9cf5f7000 	C:\Windows\SYSTEM32\wkscli.dll
0x00007ff9d46e0000 - 0x00007ff9d46e9000 	C:\Windows\system32\NSI.dll
0x00007ff9d6aa0000 - 0x00007ff9d6cb1000 	C:\Windows\SYSTEM32\combase.dll
0x000000007c4f0000 - 0x000000007c5b7000 	C:\Program Files\MATLAB\R2010a\bin\win64\udd.dll
0x000000007a320000 - 0x000000007a5b5000 	C:\Program Files\MATLAB\R2010a\bin\win64\xerces-c_2_7.dll
0x000000007ead0000 - 0x000000007ebc1000 	C:\Program Files\MATLAB\R2010a\bin\win64\boost_regex-vc80-mt-1_36.dll
0x0000000079100000 - 0x0000000079150000 	C:\Program Files\MATLAB\R2010a\bin\win64\libmat.dll
0x000000007a790000 - 0x000000007a7d6000 	C:\Program Files\MATLAB\R2010a\bin\win64\libmwhardcopy.dll
0x000000007a8f0000 - 0x000000007a959000 	C:\Program Files\MATLAB\R2010a\bin\win64\libuij.dll
0x0000000078730000 - 0x00000000788b3000 	C:\Program Files\MATLAB\R2010a\bin\win64\hgdatatypes.dll
0x0000000079150000 - 0x00000000791cc000 	C:\Program Files\MATLAB\R2010a\bin\win64\libmwlapack.dll
0x0000000059ba0000 - 0x0000000059d3c000 	C:\Windows\WinSxS\amd64_microsoft.vc80.mfc_1fc8b3b9a1e18e3b_8.0.50727.4053_none_8444db7d32915e4c\MFC80.DLL
0x00007ff9ce3c0000 - 0x00007ff9ce442000 	C:\Windows\SYSTEM32\WINSPOOL.DRV
0x00007ff9d4830000 - 0x00007ff9d48f6000 	C:\Windows\system32\OLEAUT32.dll
0x000000007aa90000 - 0x000000007ab27000 	C:\Program Files\MATLAB\R2010a\bin\win64\profiler.dll
0x000000007ca40000 - 0x000000007ca71000 	C:\Program Files\MATLAB\R2010a\bin\win64\libmwmathrng.dll
0x0000000079200000 - 0x000000007921a000 	C:\Program Files\MATLAB\R2010a\bin\win64\m_pcodeio.dll
0x000000007a960000 - 0x000000007a9ad000 	C:\Program Files\MATLAB\R2010a\bin\win64\m_ir.dll
0x000000007aef0000 - 0x000000007b4f1000 	C:\Program Files\MATLAB\R2010a\bin\win64\m_parser.dll
0x00000000791d0000 - 0x00000000791f6000 	C:\Program Files\MATLAB\R2010a\bin\win64\m_pcodegen.dll
0x000000007f720000 - 0x000000007f772000 	C:\Program Files\MATLAB\R2010a\bin\win64\libmwspmatrix.dll
0x00007ff9c0270000 - 0x00007ff9c03f9000 	C:\Windows\SYSTEM32\dbghelp.dll
0x000000007caf0000 - 0x000000007cafa000 	C:\Program Files\MATLAB\R2010a\bin\win64\uinone.dll
0x0000000059b80000 - 0x0000000059ba0000 	C:\Windows\WinSxS\amd64_microsoft.vc80.atl_1fc8b3b9a1e18e3b_8.0.50727.4053_none_8a1a02152edb659b\ATL80.DLL
0x00007ff9d4410000 - 0x00007ff9d443e000 	C:\Windows\system32\SspiCli.dll
0x000000007cc60000 - 0x000000007ce7b000 	C:\Program Files\MATLAB\R2010a\bin\win64\libhdf5.dll
0x000000007c9e0000 - 0x000000007c9f3000 	C:\Program Files\MATLAB\R2010a\bin\win64\libmwbinder.dll
0x000000007c990000 - 0x000000007c9a4000 	C:\Program Files\MATLAB\R2010a\bin\win64\ir_xfmr.dll
0x000000007ca90000 - 0x000000007ca9c000 	C:\Program Files\MATLAB\R2010a\bin\win64\mtok.dll
0x00007ff9d2600000 - 0x00007ff9d26b2000 	C:\Windows\SYSTEM32\SHCORE.DLL
0x00007ff9d5500000 - 0x00007ff9d5536000 	C:\Windows\system32\IMM32.DLL
0x00007ff9d6de0000 - 0x00007ff9d6f32000 	C:\Windows\system32\MSCTF.dll
0x00007ff9d4060000 - 0x00007ff9d4075000 	C:\Windows\SYSTEM32\profapi.dll
0x00007ff9d2ed0000 - 0x00007ff9d2edb000 	C:\Windows\SYSTEM32\kernel.appcore.dll
0x00007ff9d3f30000 - 0x00007ff9d3f3b000 	C:\Windows\SYSTEM32\CRYPTBASE.dll
0x00007ff9d3ec0000 - 0x00007ff9d3f23000 	C:\Windows\SYSTEM32\bcryptPrimitives.dll
0x00007ff9d2d00000 - 0x00007ff9d2e29000 	C:\Windows\system32\uxtheme.dll
0x00007ff9d6cc0000 - 0x00007ff9d6d76000 	C:\Windows\SYSTEM32\clbcatq.dll
0x00007ff9cf8b0000 - 0x00007ff9cfa2f000 	C:\Windows\SYSTEM32\PROPSYS.dll
0x00007ff9cddf0000 - 0x00007ff9cde1a000 	C:\Windows\SYSTEM32\iphlpapi.dll
0x00007ff9cddd0000 - 0x00007ff9cddda000 	C:\Windows\SYSTEM32\WINNSI.DLL
0x00007ff9d3640000 - 0x00007ff9d36e4000 	C:\Windows\SYSTEM32\DNSAPI.dll
0x00007ff9cf7d0000 - 0x00007ff9cf7e6000 	C:\Windows\SYSTEM32\dhcpcsvc6.DLL
0x00007ff9cdb90000 - 0x00007ff9cdbaa000 	C:\Windows\SYSTEM32\dhcpcsvc.DLL
0x00007ff9c4180000 - 0x00007ff9c4183000 	C:\Windows\SYSTEM32\icmp.Dll
0x00007ff9d43c0000 - 0x00007ff9d440f000 	C:\Windows\system32\cfgmgr32.dll
0x000000006d7f0000 - 0x000000006dda8000 	C:\Program Files\MATLAB\R2010a\sys\java\jre\win64\jre\bin\server\jvm.dll
0x00007ff9ce480000 - 0x00007ff9ce4a2000 	C:\Windows\SYSTEM32\WINMM.dll
0x00007ff9ce450000 - 0x00007ff9ce47a000 	C:\Windows\SYSTEM32\WINMMBASE.dll
0x00007ff9d2e80000 - 0x00007ff9d2ea8000 	C:\Windows\SYSTEM32\DEVOBJ.dll
0x000000007aba0000 - 0x000000007abaa000 	C:\Program Files\MATLAB\R2010a\sys\java\jre\win64\jre\bin\hpi.dll
0x000000007abc0000 - 0x000000007abce000 	C:\Program Files\MATLAB\R2010a\sys\java\jre\win64\jre\bin\verify.dll
0x00000000792d0000 - 0x00000000792f7000 	C:\Program Files\MATLAB\R2010a\sys\java\jre\win64\jre\bin\java.dll
0x000000007abd0000 - 0x000000007abe2000 	C:\Program Files\MATLAB\R2010a\sys\java\jre\win64\jre\bin\zip.dll
0x0000000079240000 - 0x000000007926b000 	C:\Program Files\MATLAB\R2010a\bin\win64\nativejava.dll
0x00007ff9c0610000 - 0x00007ff9c062e000 	C:\Windows\SYSTEM32\MPR.dll
0x0000000079270000 - 0x00000000792a7000 	C:\Program Files\MATLAB\R2010a\bin\win64\nativejmi.dll
0x000000007cae0000 - 0x000000007caed000 	C:\Program Files\MATLAB\R2010a\bin\win64\nativeservices.dll
0x000000007a5c0000 - 0x000000007a782000 	C:\Program Files\MATLAB\R2010a\sys\java\jre\win64\jre\bin\awt.dll
0x00007ff9d2c30000 - 0x00007ff9d2cbe000 	C:\Windows\system32\apphelp.dll
0x00007ff9d2400000 - 0x00007ff9d2421000 	C:\Windows\SYSTEM32\DWMAPI.DLL
0x000000007acb0000 - 0x000000007ad1b000 	C:\Program Files\MATLAB\R2010a\sys\java\jre\win64\jre\bin\fontmanager.dll
0x0000000079300000 - 0x0000000079317000 	C:\Program Files\MATLAB\R2010a\sys\java\jre\win64\jre\bin\net.dll
0x00007ff9d3840000 - 0x00007ff9d3899000 	C:\Windows\system32\mswsock.dll
0x000000007abb0000 - 0x000000007abbb000 	C:\Program Files\MATLAB\R2010a\sys\java\jre\win64\jre\bin\nio.dll
0x0000000078300000 - 0x0000000078310000 	C:\Program Files\MATLAB\R2010a\bin\win64\nativelmgr.dll
0x000000007dab0000 - 0x000000007dae5000 	C:\Program Files\MATLAB\R2010a\sys\java\jre\win64\jre\bin\jpeg.dll

VM Arguments:
jvm_args: -Xss512k -XX:PermSize=32m -Xms64m -XX:NewRatio=3 -XX:MaxPermSize=128m -Xmx196m -XX:MaxDirectMemorySize=2147400000 -Dsun.java2d.noddraw=true -Dsun.awt.nopixfmt=true -Xshare:off -Xrs -Djava.library.path=C:\Program Files\MATLAB\R2010a\bin\win64 vfprintf abort 
java_command: <unknown>
Launcher Type: generic

Environment Variables:
JAVA_HOME=C:\Program Files\Java\jdk1.8.0_111
PATH=C:\ProgramData\Oracle\Java\javapath;C:\Windows\system32;C:\Windows;C:\Windows\System32\Wbem;C:\Windows\System32\WindowsPowerShell\v1.0\;C:\Program Files\Git\cmd;C:\Program Files\nodejs\;C:\Users\Jerry\AppData\Local\Android\sdk\platform-tools;C:\Users\Jerry\AppData\Local\Android\sdk\tools;C:\Program Files\Java\jdk1.8.0_111\bin;C:\apache-ant-1.9.7\bin;C:\xampp\php;C:\ProgramData\ComposerSetup\bin;C:\Program Files\MATLAB\R2010a\runtime\win64;C:\Program Files\MATLAB\R2010a\bin;C:\Users\Jerry\AppData\Local\atom\bin;C:\Program Files (x86)\Microsoft VS Code\bin;C:\Users\Jerry\AppData\Roaming\npm;C:\Users\Jerry\AppData\Roaming\Composer\vendor\bin
USERNAME=Jerry
OS=Windows_NT
PROCESSOR_IDENTIFIER=Intel64 Family 6 Model 55 Stepping 8, GenuineIntel



---------------  S Y S T E M  ---------------

OS: Windows NT 6.2 Build 9200 

CPU:total 2 (8 cores per cpu, 2 threads per core) family 6 model 7 stepping 8, cmov, cx8, fxsr, mmx, sse, sse2, sse3, ssse3, ht

Memory: 4k page, physical 4079896k(1299344k free), swap 5783832k(2799768k free)

vm_info: Java HotSpot(TM) 64-Bit Server VM (11.2-b01) for windows-amd64 JRE (1.6.0_12-b04), built on Jan 17 2009 01:49:05 by "java_re" with MS VC++ 8.0

time: Mon Apr 17 16:35:04 2017
elapsed time: 13041 seconds

